<?xml version="1.0" encoding="UTF-8"?>
<!-- Generated by org.testng.reporters.JUnitReportReporter -->
<testsuite skipped="0" hostname="LAPTOP-3Q9FF48L" name="com.Salesforce.qa.HomePageTest.HomePageTest" tests="2" failures="0" timestamp="17 Jun 2020 09:51:04 GMT" time="35.347" errors="0">
  <testcase name="verifyLogoIsDisplayedTest" time="16.712" classname="com.Salesforce.qa.HomePageTest.HomePageTest"/>
  <testcase name="verifyContactsIsClickableTest" time="18.635" classname="com.Salesforce.qa.HomePageTest.HomePageTest"/>
</testsuite> <!-- com.Salesforce.qa.HomePageTest.HomePageTest -->
