<?xml version="1.0" encoding="UTF-8"?>
<!-- Generated by org.testng.reporters.JUnitReportReporter -->
<testsuite skipped="0" hostname="LAPTOP-3Q9FF48L" name="com.Salesforce.qa.ContactsPageTest.ContactsPageTest" tests="4" failures="0" timestamp="17 Jun 2020 02:37:35 GMT" time="88.134" errors="0">
  <testcase name="verifyNewContacts" time="21.428" classname="com.Salesforce.qa.ContactsPageTest.ContactsPageTest"/>
  <testcase name="verifyNewContacts" time="24.093" classname="com.Salesforce.qa.ContactsPageTest.ContactsPageTest"/>
  <testcase name="verifyNewContacts" time="19.784" classname="com.Salesforce.qa.ContactsPageTest.ContactsPageTest"/>
  <testcase name="verifyNewContacts" time="22.829" classname="com.Salesforce.qa.ContactsPageTest.ContactsPageTest"/>
</testsuite> <!-- com.Salesforce.qa.ContactsPageTest.ContactsPageTest -->
